<?xml version="1.0" encoding="UTF-8"?>
<robot generator="Robot 7.2.2 (Python 3.13.2 on win32)" generated="2025-04-24T16:33:34.872770" rpa="false" schemaversion="5">
<suite id="s1" name="testDemo3" source="C:\Users\mpimperial\PycharmProjects\robot_practice\test\testDemo3.robot">
<test id="s1-t1" name="Validate Child Functionality" line="14">
<kw name="open the browser with the Mortgage payment url" owner="resource" type="SETUP">
<kw name="Create Webdriver" owner="SeleniumLibrary">
<msg time="2025-04-24T16:33:35.175714" level="INFO">Creating an instance of the Edge WebDriver.</msg>
<arg>Edge</arg>
<doc>Creates an instance of Selenium WebDriver.</doc>
<status status="PASS" start="2025-04-24T16:33:35.175548" elapsed="1.896453"/>
</kw>
<kw name="Go To" owner="SeleniumLibrary">
<msg time="2025-04-24T16:33:37.072632" level="INFO">Opening url 'https://rahulshettyacademy.com/loginpagePractise/'</msg>
<arg>${url}</arg>
<doc>Navigates the current browser window to the provided ``url``.</doc>
<status status="PASS" start="2025-04-24T16:33:37.072337" elapsed="1.419899"/>
</kw>
<doc>Open the browser and navigate to the login page</doc>
<status status="PASS" start="2025-04-24T16:33:35.174770" elapsed="3.317687"/>
</kw>
<kw name="select the link of child window">
<kw name="Click Element" owner="SeleniumLibrary">
<msg time="2025-04-24T16:33:38.495315" level="INFO">Clicking element 'css:.blinkingText'.</msg>
<arg>css:.blinkingText</arg>
<doc>Click the element identified by ``locator``.</doc>
<status status="PASS" start="2025-04-24T16:33:38.493851" elapsed="0.160741"/>
</kw>
<kw name="Sleep" owner="BuiltIn">
<msg time="2025-04-24T16:33:43.655579" level="INFO">Slept 5 seconds.</msg>
<arg>5s</arg>
<doc>Pauses the test executed for the given time.</doc>
<status status="PASS" start="2025-04-24T16:33:38.654878" elapsed="5.000809"/>
</kw>
<status status="PASS" start="2025-04-24T16:33:38.493003" elapsed="5.162796"/>
</kw>
<kw name="verify the user is switched to child window">
<kw name="Switch Window" owner="SeleniumLibrary">
<arg>NEW</arg>
<doc>Switches to browser window matching ``locator``.</doc>
<status status="PASS" start="2025-04-24T16:33:43.656717" elapsed="0.019810"/>
</kw>
<kw name="Element Text Should Be" owner="SeleniumLibrary">
<msg time="2025-04-24T16:33:43.676929" level="INFO">Verifying element 'css:h2' contains exact text 'DOCUMENTS REQUEST'.</msg>
<msg time="2025-04-24T16:33:43.813628" level="INFO" html="true">&lt;/td&gt;&lt;/tr&gt;&lt;tr&gt;&lt;td colspan="3"&gt;&lt;a href="selenium-screenshot-1.png"&gt;&lt;img src="selenium-screenshot-1.png" width="800px"&gt;&lt;/a&gt;</msg>
<msg time="2025-04-24T16:33:43.814322" level="FAIL">The text of element 'css:h2' should have been 'DOCUMENTS REQUEST' but it was 'JOIN OUR ACADEMY'.</msg>
<arg>css:h2</arg>
<arg>DOCUMENTS REQUEST</arg>
<doc>Verifies that element ``locator`` contains exact the text ``expected``.</doc>
<status status="FAIL" start="2025-04-24T16:33:43.676719" elapsed="0.140871">The text of element 'css:h2' should have been 'DOCUMENTS REQUEST' but it was 'JOIN OUR ACADEMY'.</status>
</kw>
<status status="FAIL" start="2025-04-24T16:33:43.656195" elapsed="0.161664">The text of element 'css:h2' should have been 'DOCUMENTS REQUEST' but it was 'JOIN OUR ACADEMY'.</status>
</kw>
<kw name="grab the email from child window">
<status status="NOT RUN" start="2025-04-24T16:33:43.818492" elapsed="0.000075"/>
</kw>
<kw name="switch to parent window and enter the email">
<status status="NOT RUN" start="2025-04-24T16:33:43.818876" elapsed="0.000051"/>
</kw>
<kw name="Close Browser Session" owner="resource" type="TEARDOWN">
<kw name="Sleep" owner="BuiltIn">
<msg time="2025-04-24T16:33:48.820440" level="INFO">Slept 5 seconds.</msg>
<arg>5s</arg>
<doc>Pauses the test executed for the given time.</doc>
<status status="PASS" start="2025-04-24T16:33:43.819806" elapsed="5.000761"/>
</kw>
<kw name="Close Browser" owner="SeleniumLibrary">
<doc>Closes the current browser.</doc>
<status status="PASS" start="2025-04-24T16:33:48.820774" elapsed="2.267826"/>
</kw>
<doc>Close the browser after test execution</doc>
<status status="PASS" start="2025-04-24T16:33:43.819374" elapsed="7.269403"/>
</kw>
<status status="FAIL" start="2025-04-24T16:33:35.173950" elapsed="15.915036">The text of element 'css:h2' should have been 'DOCUMENTS REQUEST' but it was 'JOIN OUR ACADEMY'.</status>
</test>
<doc>To validate the Login form</doc>
<status status="FAIL" start="2025-04-24T16:33:34.874314" elapsed="16.215849"/>
</suite>
<statistics>
<total>
<stat pass="0" fail="1" skip="0">All Tests</stat>
</total>
<tag>
</tag>
<suite>
<stat name="testDemo3" id="s1" pass="0" fail="1" skip="0">testDemo3</stat>
</suite>
</statistics>
<errors>
</errors>
</robot>
